HTTP/2 200 
content-type: text/html; charset=utf-8
x-content-type-options: nosniff
cache-control: no-cache, no-store, max-age=0, must-revalidate
pragma: no-cache
expires: Mon, 01 Jan 1990 00:00:00 GMT
date: Wed, 16 Apr 2025 14:19:18 GMT
content-length: 0
strict-transport-security: max-age=31536000
x-frame-options: SAMEORIGIN
origin-trial: AmhMBR6zCLzDDxpW+HfpP67BqwIknWnyMOXOQGfzYswFmJe+fgaI6XZgAzcxOrzNtP7hEDsOo1jdjFnVr2IdxQ4AAAB4eyJvcmlnaW4iOiJodHRwczovL3lvdXR1YmUuY29tOjQ0MyIsImZlYXR1cmUiOiJXZWJWaWV3WFJlcXVlc3RlZFdpdGhEZXByZWNhdGlvbiIsImV4cGlyeSI6MTc1ODA2NzE5OSwiaXNTdWJkb21haW4iOnRydWV9
cross-origin-opener-policy: same-origin-allow-popups; report-to="youtube_main"
content-security-policy: require-trusted-types-for 'script'
report-to: {"group":"youtube_main","max_age":2592000,"endpoints":[{"url":"https://csp.withgoogle.com/csp/report-to/youtube_main"}]}
permissions-policy: ch-ua-arch=*, ch-ua-bitness=*, ch-ua-full-version=*, ch-ua-full-version-list=*, ch-ua-model=*, ch-ua-wow64=*, ch-ua-form-factors=*, ch-ua-platform=*, ch-ua-platform-version=*
p3p: CP="This is not a P3P policy! See http://support.google.com/accounts/answer/151657?hl=fr for more info."
server: ESF
x-xss-protection: 0
set-cookie: YSC=haE7F4kZ6WE; Domain=.youtube.com; Path=/; Secure; HttpOnly; SameSite=none
set-cookie: __Secure-YEC=CgtZcElpWU9Mb1EwOCjm-P6_BjInCgJGUhIhEh0SGwsMDg8QERITFBUWFxgZGhscHR4fICEiIyQlJiAP; Domain=.youtube.com; Expires=Sat, 16-May-2026 14:19:17 GMT; Path=/; Secure; HttpOnly; SameSite=lax
set-cookie: VISITOR_PRIVACY_METADATA=CgJGUhIhEh0SGwsMDg8QERITFBUWFxgZGhscHR4fICEiIyQlJiAP; Domain=.youtube.com; Expires=Sat, 16-May-2026 14:19:18 GMT; Path=/; Secure; HttpOnly; SameSite=none
set-cookie: VISITOR_INFO1_LIVE=; Domain=.youtube.com; Expires=Thu, 21-Jul-2022 14:19:18 GMT; Path=/; Secure; HttpOnly; SameSite=none
alt-svc: h3=":443"; ma=2592000,h3-29=":443"; ma=2592000

